<?xml version="1.0" encoding="UTF-8"?>
<!-- Generated by org.testng.reporters.JUnitReportReporter -->
<testsuite skipped="0" hostname="sachin-PC" name="com.crm.qa.testcases.ContactsPageTest" tests="2" failures="0" timestamp="22 Sep 2020 08:23:53 GMT" time="39.870" errors="0">
  <testcase name="verifyContactsPageLabel" time="22.848" classname="com.crm.qa.testcases.ContactsPageTest"/>
  <testcase name="selectSingleContactsTest" time="17.022" classname="com.crm.qa.testcases.ContactsPageTest"/>
</testsuite> <!-- com.crm.qa.testcases.ContactsPageTest -->
