<?xml version="1.0" encoding="UTF-8"?>
<!-- Generated by org.testng.reporters.JUnitReportReporter -->
<testsuite skipped="0" hostname="sachin-PC" name="com.crm.qa.testcases.LoginPageTest" tests="2" failures="0" timestamp="22 Sep 2020 08:23:53 GMT" time="33.242" errors="0">
  <testcase name="loginPageTitleTest" time="12.424" classname="com.crm.qa.testcases.LoginPageTest"/>
  <testcase name="loginTest" time="20.818" classname="com.crm.qa.testcases.LoginPageTest"/>
</testsuite> <!-- com.crm.qa.testcases.LoginPageTest -->
