<?xml version="1.0" encoding="UTF-8"?>
<!-- Generated by org.testng.reporters.JUnitReportReporter -->
<testsuite skipped="0" hostname="sachin-PC" name="com.crm.qa.testcases.ContactsPageTest" tests="2" failures="0" timestamp="22 Sep 2020 12:00:41 GMT" time="95.376" errors="0">
  <testcase name="verifyContactsPageLabel" time="79.443" classname="com.crm.qa.testcases.ContactsPageTest"/>
  <testcase name="selectSingleContactsTest" time="15.933" classname="com.crm.qa.testcases.ContactsPageTest"/>
</testsuite> <!-- com.crm.qa.testcases.ContactsPageTest -->
