<?xml version="1.0" encoding="UTF-8"?>
<!-- Generated by org.testng.reporters.JUnitReportReporter -->
<testsuite skipped="0" hostname="sachin-PC" name="com.crm.qa.testcases.LoginPageTest" tests="2" failures="0" timestamp="22 Sep 2020 12:00:41 GMT" time="22.839" errors="0">
  <testcase name="loginPageTitleTest" time="11.611" classname="com.crm.qa.testcases.LoginPageTest"/>
  <testcase name="loginTest" time="11.228" classname="com.crm.qa.testcases.LoginPageTest"/>
</testsuite> <!-- com.crm.qa.testcases.LoginPageTest -->
